<?xml version="1.0" encoding="UTF-8"?>
<testng-results ignored="0" total="1" passed="1" failed="0" skipped="0">
  <reporter-output>
  </reporter-output>
  <suite started-at="2022-02-16T18:49:49 EST" name="Default suite" finished-at="2022-02-16T18:49:53 EST" duration-ms="3635">
    <groups>
    </groups>
    <test started-at="2022-02-16T18:49:49 EST" name="Default test" finished-at="2022-02-16T18:49:53 EST" duration-ms="3635">
      <class name="TestNG.Practice.RegressionTest">
        <test-method is-config="true" signature="getSetup()[pri:0, instance:TestNG.Practice.RegressionTest@4a883b15]" started-at="2022-02-16T18:49:49 EST" name="getSetup" finished-at="2022-02-16T18:49:51 EST" duration-ms="1598" status="PASS">
          <reporter-output>
          </reporter-output>
        </test-method> <!-- getSetup -->
        <test-method signature="loginTest()[pri:0, instance:TestNG.Practice.RegressionTest@4a883b15]" started-at="2022-02-16T18:49:51 EST" name="loginTest" finished-at="2022-02-16T18:49:53 EST" duration-ms="1854" status="PASS">
          <reporter-output>
          </reporter-output>
        </test-method> <!-- loginTest -->
        <test-method is-config="true" signature="tearDown()[pri:0, instance:TestNG.Practice.RegressionTest@4a883b15]" started-at="2022-02-16T18:49:53 EST" name="tearDown" finished-at="2022-02-16T18:49:53 EST" duration-ms="157" status="PASS">
          <reporter-output>
          </reporter-output>
        </test-method> <!-- tearDown -->
      </class> <!-- TestNG.Practice.RegressionTest -->
    </test> <!-- Default test -->
  </suite> <!-- Default suite -->
</testng-results>
